d:\vs\wenjian\规范化_学生管理系统\x64\debug\vc143.pdb
d:\vs\wenjian\规范化_学生管理系统\x64\debug\vc143.idb
d:\vs\wenjian\规范化_学生管理系统\x64\debug\menu.obj
d:\vs\wenjian\规范化_学生管理系统\x64\debug\main.obj
d:\vs\wenjian\规范化_学生管理系统\x64\debug\stu_initialize.obj
d:\vs\wenjian\规范化_学生管理系统\x64\debug\stu_examine.obj
d:\vs\wenjian\规范化_学生管理系统\x64\debug\stu_initialize_add.obj
d:\vs\wenjian\规范化_学生管理系统\x64\debug\stu_remove.obj
d:\vs\wenjian\规范化_学生管理系统\x64\debug\stu_save.obj
d:\vs\wenjian\规范化_学生管理系统\x64\debug\stu_read.obj
d:\vs\wenjian\规范化_学生管理系统\x64\debug\stu_insertion.obj
d:\vs\wenjian\规范化_学生管理系统\x64\debug\stu_change.obj
d:\vs\wenjian\规范化_学生管理系统\x64\debug\stu_search.obj
d:\vs\wenjian\规范化_学生管理系统\x64\debug\stu_sort.obj
d:\vs\wenjian\规范化_学生管理系统\x64\debug\stu_add.obj
d:\vs\wenjian\规范化_学生管理系统\x64\debug\struct_stu.obj
d:\vs\wenjian\规范化_学生管理系统\x64\debug\规范化_学生管理系统.exe
d:\vs\wenjian\规范化_学生管理系统\x64\debug\规范化_学生管理系统.ilk
d:\vs\wenjian\规范化_学生管理系统\x64\debug\规范化_学生管理系统.pdb
d:\vs\wenjian\规范化_学生管理系统\x64\debug\srtuct_stu.obj
d:\vs\wenjian\规范化_学生管理系统\x64\debug\stu_initialize_head.obj
d:\vs\wenjian\规范化_学生管理系统\x64\debug\stu_search.obj.enc
d:\vs\wenjian\规范化_学生管理系统\x64\debug\规范化_学生管理系统.tlog\cl.command.1.tlog
d:\vs\wenjian\规范化_学生管理系统\x64\debug\规范化_学生管理系统.tlog\cl.items.tlog
d:\vs\wenjian\规范化_学生管理系统\x64\debug\规范化_学生管理系统.tlog\cl.read.1.tlog
d:\vs\wenjian\规范化_学生管理系统\x64\debug\规范化_学生管理系统.tlog\cl.write.1.tlog
d:\vs\wenjian\规范化_学生管理系统\x64\debug\规范化_学生管理系统.tlog\link.command.1.tlog
d:\vs\wenjian\规范化_学生管理系统\x64\debug\规范化_学生管理系统.tlog\link.read.1.tlog
d:\vs\wenjian\规范化_学生管理系统\x64\debug\规范化_学生管理系统.tlog\link.write.1.tlog
